<?xml version="1.0" encoding="UTF-8"?>
<!-- Generated by org.testng.reporters.JUnitReportReporter -->
<testsuite hostname="TL319" failures="0" tests="3" name="RestAPITest.BreauthoringTest" time="6.719" errors="0" timestamp="2025-04-15T14:18:03 IST" skipped="0">
  <testcase classname="RestAPITest.BreauthoringTest" name="testTransactionDetails" time="2.232"/>
  <testcase classname="RestAPITest.BreauthoringTest" name="testDenialDetails" time="2.265"/>
  <testcase classname="RestAPITest.BreauthoringTest" name="testGetCancelreason" time="2.222"/>
</testsuite> <!-- RestAPITest.BreauthoringTest -->
