<?xml version="1.0" encoding="UTF-8"?>
<!-- Generated by org.testng.reporters.JUnitReportReporter -->
<testsuite hostname="TL319" failures="0" tests="3" name="RestAPITest.IVRTest" time="12.069" errors="0" timestamp="2025-04-10T14:40:43 IST" skipped="0">
  <testcase classname="RestAPITest.IVRTest" name="testGetNextLeg" time="8.509"/>
  <testcase classname="RestAPITest.IVRTest" name="testGetRequestRide" time="1.183"/>
  <testcase classname="RestAPITest.IVRTest" name="testGetActiveRide" time="2.377"/>
</testsuite> <!-- RestAPITest.IVRTest -->
