<?xml version="1.0" encoding="UTF-8"?>
<!-- Generated by org.testng.reporters.JUnitReportReporter -->
<testsuite hostname="TL319" failures="0" tests="2" name="RestAPITest.BreauthoringTest" time="4.790" errors="0" timestamp="2025-04-10T14:40:43 IST" skipped="0">
  <testcase classname="RestAPITest.BreauthoringTest" name="testGetCancelreason" time="2.625"/>
  <testcase classname="RestAPITest.BreauthoringTest" name="testTransactionDetails" time="2.165"/>
</testsuite> <!-- RestAPITest.BreauthoringTest -->
