<?xml version="1.0" encoding="UTF-8"?>
<!-- Generated by org.testng.reporters.JUnitReportReporter -->
<testsuite hostname="TL319" failures="0" tests="3" name="RestAPITest.BreauthoringTest" time="11.483" errors="0" timestamp="2025-05-19T12:55:25 IST" skipped="0">
  <testcase classname="RestAPITest.BreauthoringTest" name="testDenialDetails" time="6.515"/>
  <testcase classname="RestAPITest.BreauthoringTest" name="testGetCancelreason" time="2.660"/>
  <testcase classname="RestAPITest.BreauthoringTest" name="testTransactionDetails" time="2.308"/>
</testsuite> <!-- RestAPITest.BreauthoringTest -->
