<?xml version="1.0" encoding="UTF-8"?>
<!-- Generated by org.testng.reporters.JUnitReportReporter -->
<testsuite hostname="TL319" failures="0" tests="3" name="RestAPITest.IVRTest" time="12.840" errors="0" timestamp="2025-04-15T14:18:03 IST" skipped="0">
  <testcase classname="RestAPITest.IVRTest" name="testGetRequestRide" time="1.131"/>
  <testcase classname="RestAPITest.IVRTest" name="testGetActiveRide" time="1.663"/>
  <testcase classname="RestAPITest.IVRTest" name="testGetNextLeg" time="10.046"/>
</testsuite> <!-- RestAPITest.IVRTest -->
