<?xml version="1.0" encoding="UTF-8"?>
<!-- Generated by org.testng.reporters.JUnitReportReporter -->
<testsuite hostname="TL319" failures="0" tests="3" name="RestAPITest.IVRTest" time="10.332" errors="0" timestamp="2025-04-09T12:25:21 IST" skipped="0">
  <testcase classname="RestAPITest.IVRTest" name="testGetRequestRide" time="1.091"/>
  <testcase classname="RestAPITest.IVRTest" name="testGetActiveRide" time="1.957"/>
  <testcase classname="RestAPITest.IVRTest" name="testGetNextLeg" time="7.284"/>
</testsuite> <!-- RestAPITest.IVRTest -->
