<?xml version="1.0" encoding="UTF-8"?>
<!-- Generated by org.testng.reporters.JUnitReportReporter -->
<testsuite hostname="TL319" failures="0" tests="2" name="RestAPITest.LYFTTest" time="1.184" errors="0" timestamp="2025-04-10T14:40:43 IST" skipped="1">
  <testcase classname="RestAPITest.LYFTTest" name="testGetDetails" time="1.184"/>
  <testcase classname="RestAPITest.LYFTTest" name="testLyftDispatch">
    <skipped/>
  </testcase> <!-- testLyftDispatch -->
</testsuite> <!-- RestAPITest.LYFTTest -->
