<?xml version="1.0" encoding="UTF-8"?>
<!-- Generated by org.testng.reporters.JUnitReportReporter -->
<testsuite hostname="TL319" failures="0" tests="3" name="RestAPITest.IVRTest" time="40.838" errors="0" timestamp="2025-04-16T11:29:35 IST" skipped="0">
  <testcase classname="RestAPITest.IVRTest" name="testGetNextLeg" time="19.114"/>
  <testcase classname="RestAPITest.IVRTest" name="testGetActiveRide" time="17.339"/>
  <testcase classname="RestAPITest.IVRTest" name="testGetRequestRide" time="4.385"/>
</testsuite> <!-- RestAPITest.IVRTest -->
