<?xml version="1.0" encoding="UTF-8"?>
<!-- Generated by org.testng.reporters.JUnitReportReporter -->
<testsuite hostname="TL319" failures="0" tests="3" name="RestAPITest.IVRTest" time="10.364" errors="0" timestamp="2025-05-19T12:12:32 IST" skipped="0">
  <testcase classname="RestAPITest.IVRTest" name="testGetRequestRide" time="1.434"/>
  <testcase classname="RestAPITest.IVRTest" name="testGetNextLeg" time="7.029"/>
  <testcase classname="RestAPITest.IVRTest" name="testGetActiveRide" time="1.901"/>
</testsuite> <!-- RestAPITest.IVRTest -->
