<?xml version="1.0" encoding="UTF-8"?>
<!-- Generated by org.testng.reporters.JUnitReportReporter -->
<testsuite hostname="TL319" failures="0" tests="3" name="RestAPITest.BreauthoringTest" time="7.937" errors="0" timestamp="2025-05-19T12:12:32 IST" skipped="0">
  <testcase classname="RestAPITest.BreauthoringTest" name="testDenialDetails" time="2.735"/>
  <testcase classname="RestAPITest.BreauthoringTest" name="testGetCancelreason" time="2.564"/>
  <testcase classname="RestAPITest.BreauthoringTest" name="testTransactionDetails" time="2.638"/>
</testsuite> <!-- RestAPITest.BreauthoringTest -->
