<?xml version="1.0" encoding="UTF-8"?>
<!-- Generated by org.testng.reporters.JUnitReportReporter -->
<testsuite hostname="TL319" failures="0" tests="3" name="RestAPITest.BreauthoringTest" time="14.328" errors="0" timestamp="2025-04-16T11:29:35 IST" skipped="0">
  <testcase classname="RestAPITest.BreauthoringTest" name="testGetCancelreason" time="3.363"/>
  <testcase classname="RestAPITest.BreauthoringTest" name="testDenialDetails" time="8.258"/>
  <testcase classname="RestAPITest.BreauthoringTest" name="testTransactionDetails" time="2.707"/>
</testsuite> <!-- RestAPITest.BreauthoringTest -->
