<?xml version="1.0" encoding="UTF-8"?>
<!-- Generated by org.testng.reporters.JUnitReportReporter -->
<testsuite hostname="TL319" failures="0" tests="2" name="RestAPITest.LYFTTest" time="1.331" errors="0" timestamp="2025-05-19T12:12:32 IST" skipped="1">
  <testcase classname="RestAPITest.LYFTTest" name="testGetDetails" time="1.331"/>
  <testcase classname="RestAPITest.LYFTTest" name="testLyftDispatch">
    <skipped/>
  </testcase> <!-- testLyftDispatch -->
</testsuite> <!-- RestAPITest.LYFTTest -->
